2018-08-23  15:55:33 | <PopulateDbWithMovie.js:68>  [info]: INFO All up to date
2018-08-23  15:55:33 | <PopulateDbWithMovie.js:69>  [front_info]: FRONT All movies are up to date 
2018-08-23  15:55:33 | <MoviesController.js:12>  [front_info]: FRONT Got All Movies
2018-08-23  15:55:33 | <MoviesController.js:13>  [info]: INFO Movies were found
2018-08-23  15:05:47 | <PopulateDbWithMovie.js:68>  [info]: INFO All up to date
2018-08-23  15:05:47 | <PopulateDbWithMovie.js:69>  [front_info]: FRONT All movies are up to date 
2018-08-23  15:05:47 | <MoviesController.js:12>  [front_info]: FRONT Got All Movies
2018-08-23  15:05:47 | <MoviesController.js:13>  [info]: INFO Movies were found
2018-08-23  15:09:47 | <PopulateDbWithMovie.js:68>  [info]: INFO All up to date
2018-08-23  15:09:47 | <PopulateDbWithMovie.js:69>  [front_info]: FRONT All movies are up to date 
2018-08-23  15:09:47 | <MoviesController.js:26>  [front_info]: FRONT Got One Movie
2018-08-23  15:09:47 | <MoviesController.js:27>  [info]:  INFO Movie was found
2018-08-23  15:15:47 | <MoviesController.js:12>  [front_info]: FRONT Got All Movies
2018-08-23  15:15:47 | <MoviesController.js:13>  [info]: INFO Movies were found
2018-08-23  15:15:47 | <PopulateDbWithMovie.js:68>  [info]: INFO All up to date
2018-08-23  15:15:47 | <PopulateDbWithMovie.js:69>  [front_info]: FRONT All movies are up to date 
2018-08-23  15:17:47 | <PopulateDbWithMovie.js:68>  [info]: INFO All up to date
2018-08-23  15:17:47 | <PopulateDbWithMovie.js:69>  [front_info]: FRONT All movies are up to date 
2018-08-23  15:17:47 | <MoviesController.js:12>  [front_info]: FRONT Got All Movies
2018-08-23  15:17:47 | <MoviesController.js:13>  [info]: INFO Movies were found
2018-08-23  15:54:47 | <MoviesController.js:12>  [front_info]: FRONT Got All Movies
2018-08-23  15:54:47 | <MoviesController.js:13>  [info]: INFO Movies were found
2018-08-23  15:54:47 | <PopulateDbWithMovie.js:68>  [info]: INFO All up to date
2018-08-23  15:54:47 | <PopulateDbWithMovie.js:69>  [front_info]: FRONT All movies are up to date 
2018-08-23  15:51:54 | <MoviesController.js:12>  [front_info]: FRONT Got All Movies
2018-08-23  15:51:54 | <MoviesController.js:13>  [info]: INFO Movies were found
2018-08-23  15:51:54 | <PopulateDbWithMovie.js:68>  [info]: INFO All up to date
2018-08-23  15:51:54 | <PopulateDbWithMovie.js:69>  [front_info]: FRONT All movies are up to date 
2018-08-23  15:29:56 | <PopulateDbWithMovie.js:68>  [info]: INFO All up to date
2018-08-23  15:29:56 | <PopulateDbWithMovie.js:69>  [front_info]: FRONT All movies are up to date 
2018-08-23  15:29:56 | <MoviesController.js:12>  [front_info]: FRONT Got All Movies
2018-08-23  15:29:56 | <MoviesController.js:13>  [info]: INFO Movies were found
2018-08-23  16:38:45 | <PopulateDbWithMovie.js:68>  [info]: INFO All up to date
2018-08-23  16:38:45 | <PopulateDbWithMovie.js:69>  [front_info]: FRONT All movies are up to date 
2018-08-23  16:38:45 | <MoviesController.js:12>  [front_info]: FRONT Got All Movies
2018-08-23  16:38:45 | <MoviesController.js:13>  [info]: INFO Movies were found
2018-08-23  16:47:45 | <PopulateDbWithMovie.js:68>  [info]: INFO All up to date
2018-08-23  16:47:45 | <PopulateDbWithMovie.js:69>  [front_info]: FRONT All movies are up to date 
2018-08-23  16:47:45 | <MoviesController.js:26>  [front_info]: FRONT Got One Movie
2018-08-23  16:47:45 | <MoviesController.js:27>  [info]:  INFO Movie was found
2018-08-23  16:01:46 | <PopulateDbWithMovie.js:68>  [info]: INFO All up to date
2018-08-23  16:01:46 | <PopulateDbWithMovie.js:69>  [front_info]: FRONT All movies are up to date 
2018-08-23  16:01:46 | <MoviesController.js:12>  [front_info]: FRONT Got All Movies
2018-08-23  16:01:46 | <MoviesController.js:13>  [info]: INFO Movies were found
2018-08-23  16:08:46 | <PopulateDbWithMovie.js:68>  [info]: INFO All up to date
2018-08-23  16:08:46 | <PopulateDbWithMovie.js:69>  [front_info]: FRONT All movies are up to date 
2018-08-23  16:08:46 | <MoviesController.js:12>  [front_info]: FRONT Got All Movies
2018-08-23  16:08:46 | <MoviesController.js:13>  [info]: INFO Movies were found
2018-08-23  16:24:47 | <PopulateDbWithMovie.js:68>  [info]: INFO All up to date
2018-08-23  16:24:47 | <PopulateDbWithMovie.js:69>  [front_info]: FRONT All movies are up to date 
2018-08-23  16:24:47 | <MoviesController.js:26>  [front_info]: FRONT Got One Movie
2018-08-23  16:24:47 | <MoviesController.js:27>  [info]:  INFO Movie was found
2018-08-23  16:35:47 | <PopulateDbWithMovie.js:68>  [info]: INFO All up to date
2018-08-23  16:35:47 | <PopulateDbWithMovie.js:69>  [front_info]: FRONT All movies are up to date 
2018-08-23  16:35:47 | <MoviesController.js:12>  [front_info]: FRONT Got All Movies
2018-08-23  16:35:47 | <MoviesController.js:13>  [info]: INFO Movies were found
2018-08-23  16:32:50 | <PopulateDbWithMovie.js:68>  [info]: INFO All up to date
2018-08-23  16:32:50 | <PopulateDbWithMovie.js:69>  [front_info]: FRONT All movies are up to date 
2018-08-23  16:32:50 | <MoviesController.js:12>  [front_info]: FRONT Got All Movies
2018-08-23  16:32:50 | <MoviesController.js:13>  [info]: INFO Movies were found
2018-08-23  16:35:50 | <PopulateDbWithMovie.js:68>  [info]: INFO All up to date
2018-08-23  16:35:50 | <PopulateDbWithMovie.js:69>  [front_info]: FRONT All movies are up to date 
2018-08-23  16:35:50 | <MoviesController.js:12>  [front_info]: FRONT Got All Movies
2018-08-23  16:35:50 | <MoviesController.js:13>  [info]: INFO Movies were found
2018-08-23  16:51:50 | <PopulateDbWithMovie.js:68>  [info]: INFO All up to date
2018-08-23  16:51:50 | <PopulateDbWithMovie.js:69>  [front_info]: FRONT All movies are up to date 
2018-08-23  16:51:50 | <MoviesController.js:12>  [front_info]: FRONT Got All Movies
2018-08-23  16:51:50 | <MoviesController.js:13>  [info]: INFO Movies were found
2018-08-23  16:04:52 | <PopulateDbWithMovie.js:68>  [info]: INFO All up to date
2018-08-23  16:04:52 | <PopulateDbWithMovie.js:69>  [front_info]: FRONT All movies are up to date 
2018-08-23  16:04:52 | <MoviesController.js:12>  [front_info]: FRONT Got All Movies
2018-08-23  16:04:52 | <MoviesController.js:13>  [info]: INFO Movies were found
2018-08-23  16:11:52 | <PopulateDbWithMovie.js:68>  [info]: INFO All up to date
2018-08-23  16:11:52 | <PopulateDbWithMovie.js:69>  [front_info]: FRONT All movies are up to date 
2018-08-23  16:11:52 | <MoviesController.js:12>  [front_info]: FRONT Got All Movies
2018-08-23  16:11:52 | <MoviesController.js:13>  [info]: INFO Movies were found
2018-08-23  16:40:58 | <PopulateDbWithMovie.js:68>  [info]: INFO All up to date
2018-08-23  16:40:58 | <PopulateDbWithMovie.js:69>  [front_info]: FRONT All movies are up to date 
2018-08-23  16:40:58 | <undefined:undefined>  [error]: uncaughtException: conn.send is not a function
TypeError: conn.send is not a function
    at Immediate.setImmediate [as _onImmediate] (/home/ohaivoroniuk/dev/media-server-react.js/api/config/winston/SSEtransport.js:14:18)
    at runCallback (timers.js:789:20)
    at tryOnImmediate (timers.js:751:5)
    at processImmediate [as _immediateCallback] (timers.js:722:5)
2018-08-23  16:40:58 | <MoviesController.js:12>  [front_info]: FRONT Got All Movies
2018-08-23  16:40:58 | <MoviesController.js:13>  [info]: INFO Movies were found
2018-08-23  16:40:58 | <undefined:undefined>  [error]: uncaughtException: conn.send is not a function
TypeError: conn.send is not a function
    at Immediate.setImmediate [as _onImmediate] (/home/ohaivoroniuk/dev/media-server-react.js/api/config/winston/SSEtransport.js:14:18)
    at runCallback (timers.js:789:20)
    at tryOnImmediate (timers.js:751:5)
    at processImmediate [as _immediateCallback] (timers.js:722:5)
2018-08-23  16:42:58 | <MoviesController.js:12>  [front_info]: FRONT Got All Movies
2018-08-23  16:42:58 | <MoviesController.js:13>  [info]: INFO Movies were found
2018-08-23  16:42:58 | <PopulateDbWithMovie.js:68>  [info]: INFO All up to date
2018-08-23  16:42:58 | <PopulateDbWithMovie.js:69>  [front_info]: FRONT All movies are up to date 
2018-08-23  16:42:58 | <undefined:undefined>  [error]: uncaughtException: conn.send is not a function
TypeError: conn.send is not a function
    at Immediate.setImmediate [as _onImmediate] (/home/ohaivoroniuk/dev/media-server-react.js/api/config/winston/SSEtransport.js:14:18)
    at runCallback (timers.js:789:20)
    at tryOnImmediate (timers.js:751:5)
    at processImmediate [as _immediateCallback] (timers.js:722:5)
2018-08-23  16:42:58 | <undefined:undefined>  [error]: uncaughtException: conn.send is not a function
TypeError: conn.send is not a function
    at Immediate.setImmediate [as _onImmediate] (/home/ohaivoroniuk/dev/media-server-react.js/api/config/winston/SSEtransport.js:14:18)
    at runCallback (timers.js:789:20)
    at tryOnImmediate (timers.js:751:5)
    at processImmediate (timers.js:722:5)
    at _combinedTickCallback (internal/process/next_tick.js:131:7)
    at process._tickCallback (internal/process/next_tick.js:180:9)
2018-08-23  16:08:59 | <PopulateDbWithMovie.js:68>  [info]: INFO All up to date
2018-08-23  16:08:59 | <PopulateDbWithMovie.js:69>  [front_info]: FRONT All movies are up to date 
2018-08-23  16:08:59 | <MoviesController.js:12>  [front_info]: FRONT Got All Movies
2018-08-23  16:08:59 | <MoviesController.js:13>  [info]: INFO Movies were found
2018-08-23  16:08:59 | <undefined:undefined>  [error]: uncaughtException: conn.send is not a function
TypeError: conn.send is not a function
    at Immediate.setImmediate [as _onImmediate] (/home/ohaivoroniuk/dev/media-server-react.js/api/config/winston/SSEtransport.js:14:18)
    at runCallback (timers.js:789:20)
    at tryOnImmediate (timers.js:751:5)
    at processImmediate [as _immediateCallback] (timers.js:722:5)
2018-08-23  16:08:59 | <undefined:undefined>  [error]: uncaughtException: conn.send is not a function
TypeError: conn.send is not a function
    at Immediate.setImmediate [as _onImmediate] (/home/ohaivoroniuk/dev/media-server-react.js/api/config/winston/SSEtransport.js:14:18)
    at runCallback (timers.js:789:20)
    at tryOnImmediate (timers.js:751:5)
    at processImmediate (timers.js:722:5)
    at _combinedTickCallback (internal/process/next_tick.js:131:7)
    at process._tickCallback (internal/process/next_tick.js:180:9)
2018-08-23  16:10:59 | <PopulateDbWithMovie.js:68>  [info]: INFO All up to date
2018-08-23  16:10:59 | <PopulateDbWithMovie.js:69>  [front_info]: FRONT All movies are up to date 
2018-08-23  16:10:59 | <MoviesController.js:12>  [front_info]: FRONT Got All Movies
2018-08-23  16:10:59 | <MoviesController.js:13>  [info]: INFO Movies were found
2018-08-23  16:10:59 | <undefined:undefined>  [error]: uncaughtException: conn.send is not a function
TypeError: conn.send is not a function
    at Immediate.setImmediate [as _onImmediate] (/home/ohaivoroniuk/dev/media-server-react.js/api/config/winston/SSEtransport.js:14:18)
    at runCallback (timers.js:789:20)
    at tryOnImmediate (timers.js:751:5)
    at processImmediate [as _immediateCallback] (timers.js:722:5)
2018-08-23  16:10:59 | <undefined:undefined>  [error]: uncaughtException: conn.send is not a function
TypeError: conn.send is not a function
    at Immediate.setImmediate [as _onImmediate] (/home/ohaivoroniuk/dev/media-server-react.js/api/config/winston/SSEtransport.js:14:18)
    at runCallback (timers.js:789:20)
    at tryOnImmediate (timers.js:751:5)
    at processImmediate (timers.js:722:5)
    at _combinedTickCallback (internal/process/next_tick.js:131:7)
    at process._tickCallback (internal/process/next_tick.js:180:9)
2018-08-23  16:11:59 | <PopulateDbWithMovie.js:68>  [info]: INFO All up to date
2018-08-23  16:11:59 | <PopulateDbWithMovie.js:69>  [front_info]: FRONT All movies are up to date 
2018-08-23  16:11:59 | <undefined:undefined>  [error]: uncaughtException: conn.send is not a function
TypeError: conn.send is not a function
    at Immediate.setImmediate [as _onImmediate] (/home/ohaivoroniuk/dev/media-server-react.js/api/config/winston/SSEtransport.js:14:18)
    at runCallback (timers.js:789:20)
    at tryOnImmediate (timers.js:751:5)
    at processImmediate [as _immediateCallback] (timers.js:722:5)
2018-08-23  16:11:59 | <MoviesController.js:26>  [front_info]: FRONT Got One Movie
2018-08-23  16:11:59 | <MoviesController.js:27>  [info]:  INFO Movie was found
2018-08-23  16:11:59 | <undefined:undefined>  [error]: uncaughtException: conn.send is not a function
TypeError: conn.send is not a function
    at Immediate.setImmediate [as _onImmediate] (/home/ohaivoroniuk/dev/media-server-react.js/api/config/winston/SSEtransport.js:14:18)
    at runCallback (timers.js:789:20)
    at tryOnImmediate (timers.js:751:5)
    at processImmediate [as _immediateCallback] (timers.js:722:5)
2018-08-23  17:17:00 | <PopulateDbWithMovie.js:68>  [info]: INFO All up to date
2018-08-23  17:17:00 | <PopulateDbWithMovie.js:69>  [front_info]: FRONT All movies are up to date 
2018-08-23  17:17:00 | <undefined:undefined>  [error]: uncaughtException: conn.send is not a function
TypeError: conn.send is not a function
    at Immediate.setImmediate [as _onImmediate] (/home/ohaivoroniuk/dev/media-server-react.js/api/config/winston/SSEtransport.js:14:18)
    at runCallback (timers.js:789:20)
    at tryOnImmediate (timers.js:751:5)
    at processImmediate [as _immediateCallback] (timers.js:722:5)
2018-08-23  17:17:00 | <MoviesController.js:26>  [front_info]: FRONT Got One Movie
2018-08-23  17:17:00 | <MoviesController.js:27>  [info]:  INFO Movie was found
2018-08-23  17:17:00 | <undefined:undefined>  [error]: uncaughtException: conn.send is not a function
TypeError: conn.send is not a function
    at Immediate.setImmediate [as _onImmediate] (/home/ohaivoroniuk/dev/media-server-react.js/api/config/winston/SSEtransport.js:14:18)
    at runCallback (timers.js:789:20)
    at tryOnImmediate (timers.js:751:5)
    at processImmediate [as _immediateCallback] (timers.js:722:5)
2018-08-23  17:19:00 | <PopulateDbWithMovie.js:68>  [info]: INFO All up to date
2018-08-23  17:19:00 | <PopulateDbWithMovie.js:69>  [front_info]: FRONT All movies are up to date 
2018-08-23  17:19:00 | <undefined:undefined>  [error]: uncaughtException: conn.send is not a function
TypeError: conn.send is not a function
    at Immediate.setImmediate [as _onImmediate] (/home/ohaivoroniuk/dev/media-server-react.js/api/config/winston/SSEtransport.js:14:18)
    at runCallback (timers.js:789:20)
    at tryOnImmediate (timers.js:751:5)
    at processImmediate [as _immediateCallback] (timers.js:722:5)
2018-08-23  17:19:00 | <MoviesController.js:12>  [front_info]: FRONT Got All Movies
2018-08-23  17:19:00 | <MoviesController.js:13>  [info]: INFO Movies were found
2018-08-23  17:19:00 | <undefined:undefined>  [error]: uncaughtException: conn.send is not a function
TypeError: conn.send is not a function
    at Immediate.setImmediate [as _onImmediate] (/home/ohaivoroniuk/dev/media-server-react.js/api/config/winston/SSEtransport.js:14:18)
    at runCallback (timers.js:789:20)
    at tryOnImmediate (timers.js:751:5)
    at processImmediate [as _immediateCallback] (timers.js:722:5)
2018-08-23  17:22:00 | <MoviesController.js:12>  [front_info]: FRONT Got All Movies
2018-08-23  17:22:00 | <MoviesController.js:13>  [info]: INFO Movies were found
2018-08-23  17:22:00 | <PopulateDbWithMovie.js:68>  [info]: INFO All up to date
2018-08-23  17:22:00 | <PopulateDbWithMovie.js:69>  [front_info]: FRONT All movies are up to date 
2018-08-23  17:22:00 | <undefined:undefined>  [error]: uncaughtException: conn.send is not a function
TypeError: conn.send is not a function
    at Immediate.setImmediate [as _onImmediate] (/home/ohaivoroniuk/dev/media-server-react.js/api/config/winston/SSEtransport.js:14:18)
    at runCallback (timers.js:789:20)
    at tryOnImmediate (timers.js:751:5)
    at processImmediate [as _immediateCallback] (timers.js:722:5)
2018-08-23  17:22:00 | <undefined:undefined>  [error]: uncaughtException: conn.send is not a function
TypeError: conn.send is not a function
    at Immediate.setImmediate [as _onImmediate] (/home/ohaivoroniuk/dev/media-server-react.js/api/config/winston/SSEtransport.js:14:18)
    at runCallback (timers.js:789:20)
    at tryOnImmediate (timers.js:751:5)
    at processImmediate (timers.js:722:5)
    at _combinedTickCallback (internal/process/next_tick.js:131:7)
    at process._tickCallback (internal/process/next_tick.js:180:9)
2018-08-23  17:07:02 | <PopulateDbWithMovie.js:68>  [info]: INFO All up to date
2018-08-23  17:07:02 | <PopulateDbWithMovie.js:69>  [front_info]: FRONT All movies are up to date 
2018-08-23  17:07:02 | <undefined:undefined>  [error]: uncaughtException: conn.send is not a function
TypeError: conn.send is not a function
    at Immediate.setImmediate [as _onImmediate] (/home/ohaivoroniuk/dev/media-server-react.js/api/config/winston/SSEtransport.js:14:18)
    at runCallback (timers.js:789:20)
    at tryOnImmediate (timers.js:751:5)
    at processImmediate [as _immediateCallback] (timers.js:722:5)
2018-08-23  17:07:02 | <MoviesController.js:12>  [front_info]: FRONT Got All Movies
2018-08-23  17:07:02 | <MoviesController.js:13>  [info]: INFO Movies were found
2018-08-23  17:07:02 | <undefined:undefined>  [error]: uncaughtException: conn.send is not a function
TypeError: conn.send is not a function
    at Immediate.setImmediate [as _onImmediate] (/home/ohaivoroniuk/dev/media-server-react.js/api/config/winston/SSEtransport.js:14:18)
    at runCallback (timers.js:789:20)
    at tryOnImmediate (timers.js:751:5)
    at processImmediate [as _immediateCallback] (timers.js:722:5)
2018-08-23  17:11:02 | <PopulateDbWithMovie.js:68>  [info]: INFO All up to date
2018-08-23  17:11:02 | <PopulateDbWithMovie.js:69>  [front_info]: FRONT All movies are up to date 
2018-08-23  17:11:02 | <undefined:undefined>  [error]: uncaughtException: conn.send is not a function
TypeError: conn.send is not a function
    at Immediate.setImmediate [as _onImmediate] (/home/ohaivoroniuk/dev/media-server-react.js/api/config/winston/SSEtransport.js:14:18)
    at runCallback (timers.js:789:20)
    at tryOnImmediate (timers.js:751:5)
    at processImmediate [as _immediateCallback] (timers.js:722:5)
2018-08-23  17:11:02 | <MoviesController.js:26>  [front_info]: FRONT Got One Movie
2018-08-23  17:11:02 | <MoviesController.js:27>  [info]:  INFO Movie was found
2018-08-23  17:11:02 | <undefined:undefined>  [error]: uncaughtException: conn.send is not a function
TypeError: conn.send is not a function
    at Immediate.setImmediate [as _onImmediate] (/home/ohaivoroniuk/dev/media-server-react.js/api/config/winston/SSEtransport.js:14:18)
    at runCallback (timers.js:789:20)
    at tryOnImmediate (timers.js:751:5)
    at processImmediate [as _immediateCallback] (timers.js:722:5)
2018-08-23  17:12:02 | <PopulateDbWithMovie.js:68>  [info]: INFO All up to date
2018-08-23  17:12:02 | <PopulateDbWithMovie.js:69>  [front_info]: FRONT All movies are up to date 
2018-08-23  17:12:02 | <MoviesController.js:12>  [front_info]: FRONT Got All Movies
2018-08-23  17:12:02 | <MoviesController.js:13>  [info]: INFO Movies were found
2018-08-23  17:12:02 | <undefined:undefined>  [error]: uncaughtException: conn.send is not a function
TypeError: conn.send is not a function
    at Immediate.setImmediate [as _onImmediate] (/home/ohaivoroniuk/dev/media-server-react.js/api/config/winston/SSEtransport.js:14:18)
    at runCallback (timers.js:789:20)
    at tryOnImmediate (timers.js:751:5)
    at processImmediate [as _immediateCallback] (timers.js:722:5)
2018-08-23  17:12:02 | <undefined:undefined>  [error]: uncaughtException: conn.send is not a function
TypeError: conn.send is not a function
    at Immediate.setImmediate [as _onImmediate] (/home/ohaivoroniuk/dev/media-server-react.js/api/config/winston/SSEtransport.js:14:18)
    at runCallback (timers.js:789:20)
    at tryOnImmediate (timers.js:751:5)
    at processImmediate (timers.js:722:5)
    at _combinedTickCallback (internal/process/next_tick.js:131:7)
    at process._tickCallback (internal/process/next_tick.js:180:9)
2018-08-23  17:45:02 | <PopulateDbWithMovie.js:68>  [info]: INFO All up to date
2018-08-23  17:45:02 | <PopulateDbWithMovie.js:69>  [front_info]: FRONT All movies are up to date 
2018-08-23  17:45:02 | <MoviesController.js:12>  [front_info]: FRONT Got All Movies
2018-08-23  17:45:02 | <MoviesController.js:13>  [info]: INFO Movies were found
2018-08-23  17:47:02 | <MoviesController.js:12>  [front_info]: FRONT Got All Movies
2018-08-23  17:47:02 | <MoviesController.js:13>  [info]: INFO Movies were found
2018-08-23  17:47:02 | <PopulateDbWithMovie.js:68>  [info]: INFO All up to date
2018-08-23  17:47:02 | <PopulateDbWithMovie.js:69>  [front_info]: FRONT All movies are up to date 
2018-08-23  17:50:02 | <PopulateDbWithMovie.js:68>  [info]: INFO All up to date
2018-08-23  17:50:02 | <PopulateDbWithMovie.js:69>  [front_info]: FRONT All movies are up to date 
2018-08-23  17:50:02 | <MoviesController.js:26>  [front_info]: FRONT Got One Movie
2018-08-23  17:50:02 | <MoviesController.js:27>  [info]:  INFO Movie was found
2018-08-23  17:51:02 | <MoviesController.js:12>  [front_info]: FRONT Got All Movies
2018-08-23  17:51:02 | <MoviesController.js:13>  [info]: INFO Movies were found
2018-08-23  17:51:02 | <PopulateDbWithMovie.js:68>  [info]: INFO All up to date
2018-08-23  17:51:02 | <PopulateDbWithMovie.js:69>  [front_info]: FRONT All movies are up to date 
2018-08-23  17:48:40 | <MoviesController.js:12>  [front_info]: FRONT Got All Movies
2018-08-23  17:48:40 | <MoviesController.js:13>  [info]: INFO Movies were found
2018-08-23  17:50:40 | <MoviesController.js:12>  [front_info]: FRONT Got All Movies
2018-08-23  17:50:40 | <MoviesController.js:13>  [info]: INFO Movies were found
2018-08-23  17:57:41 | <MoviesController.js:12>  [front_info]: FRONT Got All Movies
2018-08-23  17:57:41 | <MoviesController.js:13>  [info]: INFO Movies were found
2018-08-23  17:57:41 | <MoviesController.js:12>  [front_info]: FRONT Got All Movies
2018-08-23  17:57:41 | <MoviesController.js:13>  [info]: INFO Movies were found
2018-08-23  17:04:43 | <PopulateDbWithMovie.js:68>  [info]: INFO All up to date
2018-08-23  17:04:43 | <PopulateDbWithMovie.js:69>  [front_info]: FRONT All movies are up to date 
2018-08-23  17:04:43 | <MoviesController.js:12>  [front_info]: FRONT Got All Movies
2018-08-23  17:04:43 | <MoviesController.js:13>  [info]: INFO Movies were found
2018-08-23  17:05:43 | <PopulateDbWithMovie.js:68>  [info]: INFO All up to date
2018-08-23  17:05:43 | <MoviesController.js:12>  [front_info]: FRONT Got All Movies
2018-08-23  17:05:43 | <PopulateDbWithMovie.js:69>  [front_info]: FRONT All movies are up to date 
2018-08-23  17:05:43 | <MoviesController.js:13>  [info]: INFO Movies were found
2018-08-23  17:26:47 | <PopulateDbWithMovie.js:68>  [info]: INFO All up to date
2018-08-23  17:26:47 | <undefined:undefined>  [error]: uncaughtException: opts is not defined
ReferenceError: opts is not defined
    at Immediate.setImmediate [as _onImmediate] (/home/ohaivoroniuk/dev/media-server-react.js/api/config/winston/SSEtransport.js:15:13)
    at runCallback (timers.js:789:20)
    at tryOnImmediate (timers.js:751:5)
    at processImmediate [as _immediateCallback] (timers.js:722:5)
2018-08-23  17:26:47 | <undefined:undefined>  [error]: uncaughtException: opts is not defined
ReferenceError: opts is not defined
    at Immediate.setImmediate [as _onImmediate] (/home/ohaivoroniuk/dev/media-server-react.js/api/config/winston/SSEtransport.js:15:13)
    at runCallback (timers.js:789:20)
    at tryOnImmediate (timers.js:751:5)
    at processImmediate [as _immediateCallback] (timers.js:722:5)
2018-08-23  17:26:47 | <PopulateDbWithMovie.js:69>  [front_info]: FRONT All movies are up to date 
2018-08-23  17:26:47 | <undefined:undefined>  [error]: uncaughtException: opts is not defined
ReferenceError: opts is not defined
    at Immediate.setImmediate [as _onImmediate] (/home/ohaivoroniuk/dev/media-server-react.js/api/config/winston/SSEtransport.js:15:13)
    at runCallback (timers.js:789:20)
    at tryOnImmediate (timers.js:751:5)
    at processImmediate [as _immediateCallback] (timers.js:722:5)
2018-08-23  17:26:47 | <MoviesController.js:12>  [front_info]: FRONT Got All Movies
2018-08-23  17:26:47 | <undefined:undefined>  [error]: uncaughtException: opts is not defined
ReferenceError: opts is not defined
    at Immediate.setImmediate [as _onImmediate] (/home/ohaivoroniuk/dev/media-server-react.js/api/config/winston/SSEtransport.js:15:13)
    at runCallback (timers.js:789:20)
    at tryOnImmediate (timers.js:751:5)
    at processImmediate [as _immediateCallback] (timers.js:722:5)
2018-08-23  17:26:47 | <undefined:undefined>  [error]: uncaughtException: opts is not defined
ReferenceError: opts is not defined
    at Immediate.setImmediate [as _onImmediate] (/home/ohaivoroniuk/dev/media-server-react.js/api/config/winston/SSEtransport.js:15:13)
    at runCallback (timers.js:789:20)
    at tryOnImmediate (timers.js:751:5)
    at processImmediate [as _immediateCallback] (timers.js:722:5)
2018-08-23  17:26:47 | <MoviesController.js:13>  [info]: INFO Movies were found
2018-08-23  17:26:47 | <undefined:undefined>  [error]: uncaughtException: opts is not defined
ReferenceError: opts is not defined
    at Immediate.setImmediate [as _onImmediate] (/home/ohaivoroniuk/dev/media-server-react.js/api/config/winston/SSEtransport.js:15:13)
    at runCallback (timers.js:789:20)
    at tryOnImmediate (timers.js:751:5)
    at processImmediate [as _immediateCallback] (timers.js:722:5)
2018-08-23  17:27:47 | <MoviesController.js:12>  [front_info]: FRONT Got All Movies
2018-08-23  17:27:47 | <undefined:undefined>  [error]: uncaughtException: opts is not defined
ReferenceError: opts is not defined
    at Immediate.setImmediate [as _onImmediate] (/home/ohaivoroniuk/dev/media-server-react.js/api/config/winston/SSEtransport.js:15:13)
    at runCallback (timers.js:789:20)
    at tryOnImmediate (timers.js:751:5)
    at processImmediate [as _immediateCallback] (timers.js:722:5)
2018-08-23  17:27:47 | <undefined:undefined>  [error]: uncaughtException: opts is not defined
ReferenceError: opts is not defined
    at Immediate.setImmediate [as _onImmediate] (/home/ohaivoroniuk/dev/media-server-react.js/api/config/winston/SSEtransport.js:15:13)
    at runCallback (timers.js:789:20)
    at tryOnImmediate (timers.js:751:5)
    at processImmediate [as _immediateCallback] (timers.js:722:5)
2018-08-23  17:27:47 | <MoviesController.js:13>  [info]: INFO Movies were found
2018-08-23  17:27:47 | <undefined:undefined>  [error]: uncaughtException: opts is not defined
ReferenceError: opts is not defined
    at Immediate.setImmediate [as _onImmediate] (/home/ohaivoroniuk/dev/media-server-react.js/api/config/winston/SSEtransport.js:15:13)
    at runCallback (timers.js:789:20)
    at tryOnImmediate (timers.js:751:5)
    at processImmediate [as _immediateCallback] (timers.js:722:5)
2018-08-23  17:27:47 | <PopulateDbWithMovie.js:68>  [info]: INFO All up to date
2018-08-23  17:27:47 | <PopulateDbWithMovie.js:69>  [front_info]: FRONT All movies are up to date 
2018-08-23  17:27:47 | <undefined:undefined>  [error]: uncaughtException: opts is not defined
ReferenceError: opts is not defined
    at Immediate.setImmediate [as _onImmediate] (/home/ohaivoroniuk/dev/media-server-react.js/api/config/winston/SSEtransport.js:15:13)
    at runCallback (timers.js:789:20)
    at tryOnImmediate (timers.js:751:5)
    at processImmediate [as _immediateCallback] (timers.js:722:5)
2018-08-23  17:27:47 | <undefined:undefined>  [error]: uncaughtException: opts is not defined
ReferenceError: opts is not defined
    at Immediate.setImmediate [as _onImmediate] (/home/ohaivoroniuk/dev/media-server-react.js/api/config/winston/SSEtransport.js:15:13)
    at runCallback (timers.js:789:20)
    at tryOnImmediate (timers.js:751:5)
    at processImmediate [as _immediateCallback] (timers.js:722:5)
2018-08-23  17:27:47 | <undefined:undefined>  [error]: uncaughtException: opts is not defined
ReferenceError: opts is not defined
    at Immediate.setImmediate [as _onImmediate] (/home/ohaivoroniuk/dev/media-server-react.js/api/config/winston/SSEtransport.js:15:13)
    at runCallback (timers.js:789:20)
    at tryOnImmediate (timers.js:751:5)
    at processImmediate [as _immediateCallback] (timers.js:722:5)
2018-08-23  17:28:47 | <MoviesController.js:12>  [front_info]: FRONT Got All Movies
2018-08-23  17:28:47 | <undefined:undefined>  [error]: uncaughtException: opts is not defined
ReferenceError: opts is not defined
    at Immediate.setImmediate [as _onImmediate] (/home/ohaivoroniuk/dev/media-server-react.js/api/config/winston/SSEtransport.js:15:13)
    at runCallback (timers.js:789:20)
    at tryOnImmediate (timers.js:751:5)
    at processImmediate [as _immediateCallback] (timers.js:722:5)
2018-08-23  17:28:47 | <undefined:undefined>  [error]: uncaughtException: opts is not defined
ReferenceError: opts is not defined
    at Immediate.setImmediate [as _onImmediate] (/home/ohaivoroniuk/dev/media-server-react.js/api/config/winston/SSEtransport.js:15:13)
    at runCallback (timers.js:789:20)
    at tryOnImmediate (timers.js:751:5)
    at processImmediate [as _immediateCallback] (timers.js:722:5)
2018-08-23  17:28:47 | <MoviesController.js:13>  [info]: INFO Movies were found
2018-08-23  17:28:47 | <undefined:undefined>  [error]: uncaughtException: opts is not defined
ReferenceError: opts is not defined
    at Immediate.setImmediate [as _onImmediate] (/home/ohaivoroniuk/dev/media-server-react.js/api/config/winston/SSEtransport.js:15:13)
    at runCallback (timers.js:789:20)
    at tryOnImmediate (timers.js:751:5)
    at processImmediate [as _immediateCallback] (timers.js:722:5)
2018-08-23  17:28:47 | <PopulateDbWithMovie.js:68>  [info]: INFO All up to date
2018-08-23  17:28:47 | <PopulateDbWithMovie.js:69>  [front_info]: FRONT All movies are up to date 
2018-08-23  17:28:47 | <undefined:undefined>  [error]: uncaughtException: opts is not defined
ReferenceError: opts is not defined
    at Immediate.setImmediate [as _onImmediate] (/home/ohaivoroniuk/dev/media-server-react.js/api/config/winston/SSEtransport.js:15:13)
    at runCallback (timers.js:789:20)
    at tryOnImmediate (timers.js:751:5)
    at processImmediate [as _immediateCallback] (timers.js:722:5)
2018-08-23  17:28:47 | <undefined:undefined>  [error]: uncaughtException: opts is not defined
ReferenceError: opts is not defined
    at Immediate.setImmediate [as _onImmediate] (/home/ohaivoroniuk/dev/media-server-react.js/api/config/winston/SSEtransport.js:15:13)
    at runCallback (timers.js:789:20)
    at tryOnImmediate (timers.js:751:5)
    at processImmediate [as _immediateCallback] (timers.js:722:5)
2018-08-23  17:28:47 | <undefined:undefined>  [error]: uncaughtException: opts is not defined
ReferenceError: opts is not defined
    at Immediate.setImmediate [as _onImmediate] (/home/ohaivoroniuk/dev/media-server-react.js/api/config/winston/SSEtransport.js:15:13)
    at runCallback (timers.js:789:20)
    at tryOnImmediate (timers.js:751:5)
    at processImmediate [as _immediateCallback] (timers.js:722:5)
2018-08-23  17:30:47 | <MoviesController.js:26>  [front_info]: FRONT Got One Movie
2018-08-23  17:30:47 | <PopulateDbWithMovie.js:68>  [info]: INFO All up to date
2018-08-23  17:30:47 | <MoviesController.js:27>  [info]:  INFO Movie was found
2018-08-23  17:30:47 | <PopulateDbWithMovie.js:69>  [front_info]: FRONT All movies are up to date 
2018-08-23  17:30:47 | <undefined:undefined>  [error]: uncaughtException: opts is not defined
ReferenceError: opts is not defined
    at Immediate.setImmediate [as _onImmediate] (/home/ohaivoroniuk/dev/media-server-react.js/api/config/winston/SSEtransport.js:15:13)
    at runCallback (timers.js:789:20)
    at tryOnImmediate (timers.js:751:5)
    at processImmediate [as _immediateCallback] (timers.js:722:5)
2018-08-23  17:30:47 | <undefined:undefined>  [error]: uncaughtException: opts is not defined
ReferenceError: opts is not defined
    at Immediate.setImmediate [as _onImmediate] (/home/ohaivoroniuk/dev/media-server-react.js/api/config/winston/SSEtransport.js:15:13)
    at runCallback (timers.js:789:20)
    at tryOnImmediate (timers.js:751:5)
    at processImmediate [as _immediateCallback] (timers.js:722:5)
2018-08-23  17:30:47 | <undefined:undefined>  [error]: uncaughtException: opts is not defined
ReferenceError: opts is not defined
    at Immediate.setImmediate [as _onImmediate] (/home/ohaivoroniuk/dev/media-server-react.js/api/config/winston/SSEtransport.js:15:13)
    at runCallback (timers.js:789:20)
    at tryOnImmediate (timers.js:751:5)
    at processImmediate [as _immediateCallback] (timers.js:722:5)
2018-08-23  17:30:47 | <undefined:undefined>  [error]: uncaughtException: opts is not defined
ReferenceError: opts is not defined
    at Immediate.setImmediate [as _onImmediate] (/home/ohaivoroniuk/dev/media-server-react.js/api/config/winston/SSEtransport.js:15:13)
    at runCallback (timers.js:789:20)
    at tryOnImmediate (timers.js:751:5)
    at processImmediate (timers.js:722:5)
    at _combinedTickCallback (internal/process/next_tick.js:131:7)
    at process._tickCallback (internal/process/next_tick.js:180:9)
2018-08-23  17:30:47 | <undefined:undefined>  [error]: uncaughtException: opts is not defined
ReferenceError: opts is not defined
    at Immediate.setImmediate [as _onImmediate] (/home/ohaivoroniuk/dev/media-server-react.js/api/config/winston/SSEtransport.js:15:13)
    at runCallback (timers.js:789:20)
    at tryOnImmediate (timers.js:751:5)
    at processImmediate (timers.js:722:5)
    at _combinedTickCallback (internal/process/next_tick.js:131:7)
    at process._tickCallback (internal/process/next_tick.js:180:9)
2018-08-23  17:30:47 | <undefined:undefined>  [error]: uncaughtException: opts is not defined
ReferenceError: opts is not defined
    at Immediate.setImmediate [as _onImmediate] (/home/ohaivoroniuk/dev/media-server-react.js/api/config/winston/SSEtransport.js:15:13)
    at runCallback (timers.js:789:20)
    at tryOnImmediate (timers.js:751:5)
    at processImmediate (timers.js:722:5)
    at _combinedTickCallback (internal/process/next_tick.js:131:7)
    at process._tickCallback (internal/process/next_tick.js:180:9)
2018-08-23  17:31:47 | <PopulateDbWithMovie.js:68>  [info]: INFO All up to date
2018-08-23  17:31:47 | <MoviesController.js:12>  [front_info]: FRONT Got All Movies
2018-08-23  17:31:47 | <undefined:undefined>  [error]: uncaughtException: opts is not defined
ReferenceError: opts is not defined
    at Immediate.setImmediate [as _onImmediate] (/home/ohaivoroniuk/dev/media-server-react.js/api/config/winston/SSEtransport.js:15:13)
    at runCallback (timers.js:789:20)
    at tryOnImmediate (timers.js:751:5)
    at processImmediate [as _immediateCallback] (timers.js:722:5)
2018-08-23  17:31:47 | <PopulateDbWithMovie.js:69>  [front_info]: FRONT All movies are up to date 
2018-08-23  17:31:47 | <undefined:undefined>  [error]: uncaughtException: opts is not defined
ReferenceError: opts is not defined
    at Immediate.setImmediate [as _onImmediate] (/home/ohaivoroniuk/dev/media-server-react.js/api/config/winston/SSEtransport.js:15:13)
    at runCallback (timers.js:789:20)
    at tryOnImmediate (timers.js:751:5)
    at processImmediate [as _immediateCallback] (timers.js:722:5)
2018-08-23  17:31:47 | <MoviesController.js:13>  [info]: INFO Movies were found
2018-08-23  17:31:47 | <undefined:undefined>  [error]: uncaughtException: opts is not defined
ReferenceError: opts is not defined
    at Immediate.setImmediate [as _onImmediate] (/home/ohaivoroniuk/dev/media-server-react.js/api/config/winston/SSEtransport.js:15:13)
    at runCallback (timers.js:789:20)
    at tryOnImmediate (timers.js:751:5)
    at processImmediate [as _immediateCallback] (timers.js:722:5)
2018-08-23  17:31:47 | <undefined:undefined>  [error]: uncaughtException: opts is not defined
ReferenceError: opts is not defined
    at Immediate.setImmediate [as _onImmediate] (/home/ohaivoroniuk/dev/media-server-react.js/api/config/winston/SSEtransport.js:15:13)
    at runCallback (timers.js:789:20)
    at tryOnImmediate (timers.js:751:5)
    at processImmediate (timers.js:722:5)
    at _combinedTickCallback (internal/process/next_tick.js:131:7)
    at process._tickCallback (internal/process/next_tick.js:180:9)
2018-08-23  17:31:47 | <undefined:undefined>  [error]: uncaughtException: opts is not defined
ReferenceError: opts is not defined
    at Immediate.setImmediate [as _onImmediate] (/home/ohaivoroniuk/dev/media-server-react.js/api/config/winston/SSEtransport.js:15:13)
    at runCallback (timers.js:789:20)
    at tryOnImmediate (timers.js:751:5)
    at processImmediate (timers.js:722:5)
    at _combinedTickCallback (internal/process/next_tick.js:131:7)
    at process._tickCallback (internal/process/next_tick.js:180:9)
2018-08-23  17:31:47 | <undefined:undefined>  [error]: uncaughtException: opts is not defined
ReferenceError: opts is not defined
    at Immediate.setImmediate [as _onImmediate] (/home/ohaivoroniuk/dev/media-server-react.js/api/config/winston/SSEtransport.js:15:13)
    at runCallback (timers.js:789:20)
    at tryOnImmediate (timers.js:751:5)
    at processImmediate (timers.js:722:5)
    at _combinedTickCallback (internal/process/next_tick.js:131:7)
    at process._tickCallback (internal/process/next_tick.js:180:9)
2018-08-23  17:25:48 | <PopulateDbWithMovie.js:68>  [info]: INFO All up to date
2018-08-23  17:25:48 | <undefined:undefined>  [error]: uncaughtException: Cannot read property 'get' of null
TypeError: Cannot read property 'get' of null
    at Immediate.setImmediate [as _onImmediate] (/home/ohaivoroniuk/dev/media-server-react.js/api/config/winston/SSEtransport.js:16:22)
    at runCallback (timers.js:789:20)
    at tryOnImmediate (timers.js:751:5)
    at processImmediate [as _immediateCallback] (timers.js:722:5)
2018-08-23  17:25:48 | <undefined:undefined>  [error]: uncaughtException: Cannot read property 'get' of null
TypeError: Cannot read property 'get' of null
    at Immediate.setImmediate [as _onImmediate] (/home/ohaivoroniuk/dev/media-server-react.js/api/config/winston/SSEtransport.js:16:22)
    at runCallback (timers.js:789:20)
    at tryOnImmediate (timers.js:751:5)
    at processImmediate [as _immediateCallback] (timers.js:722:5)
2018-08-23  17:25:48 | <PopulateDbWithMovie.js:69>  [front_info]: FRONT All movies are up to date 
2018-08-23  17:25:48 | <undefined:undefined>  [error]: uncaughtException: Cannot read property 'get' of null
TypeError: Cannot read property 'get' of null
    at Immediate.setImmediate [as _onImmediate] (/home/ohaivoroniuk/dev/media-server-react.js/api/config/winston/SSEtransport.js:16:22)
    at runCallback (timers.js:789:20)
    at tryOnImmediate (timers.js:751:5)
    at processImmediate [as _immediateCallback] (timers.js:722:5)
2018-08-23  17:25:48 | <MoviesController.js:12>  [front_info]: FRONT Got All Movies
2018-08-23  17:25:48 | <undefined:undefined>  [error]: uncaughtException: Cannot read property 'get' of null
TypeError: Cannot read property 'get' of null
    at Immediate.setImmediate [as _onImmediate] (/home/ohaivoroniuk/dev/media-server-react.js/api/config/winston/SSEtransport.js:16:22)
    at runCallback (timers.js:789:20)
    at tryOnImmediate (timers.js:751:5)
    at processImmediate [as _immediateCallback] (timers.js:722:5)
2018-08-23  17:25:48 | <undefined:undefined>  [error]: uncaughtException: Cannot read property 'get' of null
TypeError: Cannot read property 'get' of null
    at Immediate.setImmediate [as _onImmediate] (/home/ohaivoroniuk/dev/media-server-react.js/api/config/winston/SSEtransport.js:16:22)
    at runCallback (timers.js:789:20)
    at tryOnImmediate (timers.js:751:5)
    at processImmediate [as _immediateCallback] (timers.js:722:5)
2018-08-23  17:25:48 | <MoviesController.js:13>  [info]: INFO Movies were found
2018-08-23  17:25:48 | <undefined:undefined>  [error]: uncaughtException: Cannot read property 'get' of null
TypeError: Cannot read property 'get' of null
    at Immediate.setImmediate [as _onImmediate] (/home/ohaivoroniuk/dev/media-server-react.js/api/config/winston/SSEtransport.js:16:22)
    at runCallback (timers.js:789:20)
    at tryOnImmediate (timers.js:751:5)
    at processImmediate [as _immediateCallback] (timers.js:722:5)
2018-08-23  17:28:48 | <PopulateDbWithMovie.js:68>  [info]: INFO All up to date
2018-08-23  17:28:48 | <undefined:undefined>  [error]: uncaughtException: Cannot read property 'get' of null
TypeError: Cannot read property 'get' of null
    at Immediate.setImmediate [as _onImmediate] (/home/ohaivoroniuk/dev/media-server-react.js/api/config/winston/SSEtransport.js:16:22)
    at runCallback (timers.js:789:20)
    at tryOnImmediate (timers.js:751:5)
    at processImmediate [as _immediateCallback] (timers.js:722:5)
2018-08-23  17:28:48 | <undefined:undefined>  [error]: uncaughtException: Cannot read property 'get' of null
TypeError: Cannot read property 'get' of null
    at Immediate.setImmediate [as _onImmediate] (/home/ohaivoroniuk/dev/media-server-react.js/api/config/winston/SSEtransport.js:16:22)
    at runCallback (timers.js:789:20)
    at tryOnImmediate (timers.js:751:5)
    at processImmediate [as _immediateCallback] (timers.js:722:5)
2018-08-23  17:28:48 | <PopulateDbWithMovie.js:69>  [front_info]: FRONT All movies are up to date 
2018-08-23  17:28:48 | <undefined:undefined>  [error]: uncaughtException: Cannot read property 'get' of null
TypeError: Cannot read property 'get' of null
    at Immediate.setImmediate [as _onImmediate] (/home/ohaivoroniuk/dev/media-server-react.js/api/config/winston/SSEtransport.js:16:22)
    at runCallback (timers.js:789:20)
    at tryOnImmediate (timers.js:751:5)
    at processImmediate [as _immediateCallback] (timers.js:722:5)
2018-08-23  17:28:48 | <MoviesController.js:26>  [front_info]: FRONT Got One Movie
2018-08-23  17:28:48 | <MoviesController.js:27>  [info]:  INFO Movie was found
2018-08-23  17:28:48 | <undefined:undefined>  [error]: uncaughtException: Cannot read property 'get' of null
TypeError: Cannot read property 'get' of null
    at Immediate.setImmediate [as _onImmediate] (/home/ohaivoroniuk/dev/media-server-react.js/api/config/winston/SSEtransport.js:16:22)
    at runCallback (timers.js:789:20)
    at tryOnImmediate (timers.js:751:5)
    at processImmediate [as _immediateCallback] (timers.js:722:5)
2018-08-23  17:28:48 | <undefined:undefined>  [error]: uncaughtException: Cannot read property 'get' of null
TypeError: Cannot read property 'get' of null
    at Immediate.setImmediate [as _onImmediate] (/home/ohaivoroniuk/dev/media-server-react.js/api/config/winston/SSEtransport.js:16:22)
    at runCallback (timers.js:789:20)
    at tryOnImmediate (timers.js:751:5)
    at processImmediate [as _immediateCallback] (timers.js:722:5)
2018-08-23  17:28:48 | <undefined:undefined>  [error]: uncaughtException: Cannot read property 'get' of null
TypeError: Cannot read property 'get' of null
    at Immediate.setImmediate [as _onImmediate] (/home/ohaivoroniuk/dev/media-server-react.js/api/config/winston/SSEtransport.js:16:22)
    at runCallback (timers.js:789:20)
    at tryOnImmediate (timers.js:751:5)
    at processImmediate [as _immediateCallback] (timers.js:722:5)
2018-08-23  17:30:48 | <PopulateDbWithMovie.js:68>  [info]: INFO All up to date
2018-08-23  17:30:48 | <MoviesController.js:12>  [front_info]: FRONT Got All Movies
2018-08-23  17:30:48 | <undefined:undefined>  [error]: uncaughtException: Cannot read property 'get' of null
TypeError: Cannot read property 'get' of null
    at Immediate.setImmediate [as _onImmediate] (/home/ohaivoroniuk/dev/media-server-react.js/api/config/winston/SSEtransport.js:16:22)
    at runCallback (timers.js:789:20)
    at tryOnImmediate (timers.js:751:5)
    at processImmediate [as _immediateCallback] (timers.js:722:5)
2018-08-23  17:30:48 | <PopulateDbWithMovie.js:69>  [front_info]: FRONT All movies are up to date 
2018-08-23  17:30:48 | <undefined:undefined>  [error]: uncaughtException: Cannot read property 'get' of null
TypeError: Cannot read property 'get' of null
    at Immediate.setImmediate [as _onImmediate] (/home/ohaivoroniuk/dev/media-server-react.js/api/config/winston/SSEtransport.js:16:22)
    at runCallback (timers.js:789:20)
    at tryOnImmediate (timers.js:751:5)
    at processImmediate [as _immediateCallback] (timers.js:722:5)
2018-08-23  17:30:48 | <MoviesController.js:13>  [info]: INFO Movies were found
2018-08-23  17:30:48 | <undefined:undefined>  [error]: uncaughtException: Cannot read property 'get' of null
TypeError: Cannot read property 'get' of null
    at Immediate.setImmediate [as _onImmediate] (/home/ohaivoroniuk/dev/media-server-react.js/api/config/winston/SSEtransport.js:16:22)
    at runCallback (timers.js:789:20)
    at tryOnImmediate (timers.js:751:5)
    at processImmediate [as _immediateCallback] (timers.js:722:5)
2018-08-23  17:30:48 | <undefined:undefined>  [error]: uncaughtException: Cannot read property 'get' of null
TypeError: Cannot read property 'get' of null
    at Immediate.setImmediate [as _onImmediate] (/home/ohaivoroniuk/dev/media-server-react.js/api/config/winston/SSEtransport.js:16:22)
    at runCallback (timers.js:789:20)
    at tryOnImmediate (timers.js:751:5)
    at processImmediate (timers.js:722:5)
    at _combinedTickCallback (internal/process/next_tick.js:131:7)
    at process._tickCallback (internal/process/next_tick.js:180:9)
2018-08-23  17:30:48 | <undefined:undefined>  [error]: uncaughtException: Cannot read property 'get' of null
TypeError: Cannot read property 'get' of null
    at Immediate.setImmediate [as _onImmediate] (/home/ohaivoroniuk/dev/media-server-react.js/api/config/winston/SSEtransport.js:16:22)
    at runCallback (timers.js:789:20)
    at tryOnImmediate (timers.js:751:5)
    at processImmediate (timers.js:722:5)
    at _combinedTickCallback (internal/process/next_tick.js:131:7)
    at process._tickCallback (internal/process/next_tick.js:180:9)
2018-08-23  17:30:48 | <undefined:undefined>  [error]: uncaughtException: Cannot read property 'get' of null
TypeError: Cannot read property 'get' of null
    at Immediate.setImmediate [as _onImmediate] (/home/ohaivoroniuk/dev/media-server-react.js/api/config/winston/SSEtransport.js:16:22)
    at runCallback (timers.js:789:20)
    at tryOnImmediate (timers.js:751:5)
    at processImmediate (timers.js:722:5)
    at _combinedTickCallback (internal/process/next_tick.js:131:7)
    at process._tickCallback (internal/process/next_tick.js:180:9)
2018-08-23  17:16:52 | <undefined:undefined>  [error]: uncaughtException: require(...) is not a function
TypeError: require(...) is not a function
    at Object.<anonymous> (/home/ohaivoroniuk/dev/media-server-react.js/api/server.js:51:36)
    at Module._compile (module.js:635:30)
    at Object.Module._extensions..js (module.js:646:10)
    at Module.load (module.js:554:32)
    at tryModuleLoad (module.js:497:12)
    at Function.Module._load (module.js:489:3)
    at Function.Module.runMain (module.js:676:10)
    at startup (bootstrap_node.js:187:16)
    at bootstrap_node.js:608:3
2018-08-23  17:30:52 | <PopulateDbWithMovie.js:68>  [info]: INFO All up to date
2018-08-23  17:30:52 | <PopulateDbWithMovie.js:69>  [front_info]: FRONT All movies are up to date 
2018-08-23  17:30:52 | <MoviesController.js:12>  [front_info]: FRONT Got All Movies
2018-08-23  17:30:52 | <MoviesController.js:13>  [info]: INFO Movies were found
2018-08-23  17:32:52 | <MoviesController.js:12>  [front_info]: FRONT Got All Movies
2018-08-23  17:32:52 | <MoviesController.js:13>  [info]: INFO Movies were found
2018-08-23  17:32:52 | <PopulateDbWithMovie.js:68>  [info]: INFO All up to date
2018-08-23  17:32:52 | <PopulateDbWithMovie.js:69>  [front_info]: FRONT All movies are up to date 
2018-08-23  17:47:52 | <PopulateDbWithMovie.js:68>  [info]: INFO All up to date
2018-08-23  17:47:52 | <PopulateDbWithMovie.js:69>  [front_info]: FRONT All movies are up to date 
2018-08-23  17:47:52 | <MoviesController.js:26>  [front_info]: FRONT Got One Movie
2018-08-23  17:47:52 | <MoviesController.js:27>  [info]:  INFO Movie was found
2018-08-23  17:56:52 | <MoviesController.js:12>  [front_info]: FRONT Got All Movies
2018-08-23  17:56:52 | <MoviesController.js:13>  [info]: INFO Movies were found
2018-08-23  17:56:52 | <PopulateDbWithMovie.js:68>  [info]: INFO All up to date
2018-08-23  17:56:52 | <PopulateDbWithMovie.js:69>  [front_info]: FRONT All movies are up to date 
